


          SolidWorks Corporation - Inventor Processor Error Log
          ______________________________________________________

                       Inventor Post Processor
                       ___________________


Inventor File Name: c:\users\michael knight\desktop\ring_rendering\ring_iam\ring_v2_qfn_v2.iam


曲面已成功地形成实体。
Inventor-in 完成曲面已成功地形成实体。
Inventor-in 完成曲面已成功地形成实体。
Inventor-in 完成曲面已成功地形成实体。
Inventor-in 完成曲面已成功地形成实体。
Inventor-in 完成曲面已成功地形成实体。
Inventor-in 完成曲面已成功地形成实体。
Inventor-in 完成曲面已成功地形成实体。
Inventor-in 完成曲面已成功地形成实体。
Inventor-in 完成曲面已成功地形成实体。
Inventor-in 完成曲面已成功地形成实体。
Inventor-in 完成曲面已成功地形成实体。
Inventor-in 完成曲面已成功地形成实体。
Inventor-in 完成曲面已成功地形成实体。
Inventor-in 完成曲面已成功地形成实体。
Inventor-in 完成曲面已成功地形成实体。
Inventor-in 完成曲面已成功地形成实体。
Inventor-in 完成曲面已成功地形成实体。
Inventor-in 完成曲面已成功地形成实体。
Inventor-in 完成曲面已成功地形成实体。
Inventor-in 完成曲面已成功地形成实体。
Inventor-in 完成曲面已成功地形成实体。
Inventor-in 完成曲面已成功地形成实体。
Inventor-in 完成曲面已成功地形成实体。
Inventor-in 完成曲面已成功地形成实体。
Inventor-in 完成曲面已成功地形成实体。
Inventor-in 完成曲面已成功地形成实体。
Inventor-in 完成曲面已成功地形成实体。
Inventor-in 完成曲面已成功地形成实体。
Inventor-in 完成曲面已成功地形成实体。
Inventor-in 完成曲面已成功地形成实体。
Inventor-in 完成曲面已成功地形成实体。
Inventor-in 完成曲面已成功地形成实体。
Inventor-in 完成曲面已成功地形成实体。
Inventor-in 完成曲面已成功地形成实体。
Inventor-in 完成曲面已成功地形成实体。
Inventor-in 完成曲面已成功地形成实体。
Inventor-in 完成曲面已成功地形成实体。
Inventor-in 完成曲面已成功地形成实体。
Inventor-in 完成曲面已成功地形成实体。
Inventor-in 完成曲面已成功地形成实体。
Inventor-in 完成曲面已成功地形成实体。
Inventor-in 完成曲面已成功地形成实体。
Inventor-in 完成曲面已成功地形成实体。
Inventor-in 完成曲面已成功地形成实体。
Inventor-in 完成曲面已成功地形成实体。
Inventor-in 完成曲面已成功地形成实体。
Inventor-in 完成曲面已成功地形成实体。
Inventor-in 完成曲面已成功地形成实体。
Inventor-in 完成曲面已成功地形成实体。
Inventor-in 完成曲面已成功地形成实体。
Inventor-in 完成曲面已成功地形成实体。
Inventor-in 完成曲面已成功地形成实体。
Inventor-in 完成曲面已成功地形成实体。
Inventor-in 完成曲面已成功地形成实体。
Inventor-in 完成曲面已成功地形成实体。
Inventor-in 完成曲面已成功地形成实体。
Inventor-in 完成曲面已成功地形成实体。
Inventor-in 完成曲面已成功地形成实体。
Inventor-in 完成曲面已成功地形成实体。
Inventor-in 完成曲面已成功地形成实体。
Inventor-in 完成曲面已成功地形成实体。
Inventor-in 完成曲面已成功地形成实体。
Inventor-in 完成曲面已成功地形成实体。
Inventor-in 完成曲面已成功地形成实体。
Inventor-in 完成曲面已成功地形成实体。
Inventor-in 完成曲面已成功地形成实体。
Inventor-in 完成曲面已成功地形成实体。
Inventor-in 完成曲面已成功地形成实体。
Inventor-in 完成曲面已成功地形成实体。
Inventor-in 完成曲面已成功地形成实体。
Inventor-in 完成曲面已成功地形成实体。
Inventor-in 完成曲面已成功地形成实体。
Inventor-in 完成曲面已成功地形成实体。
Inventor-in 完成曲面已成功地形成实体。
Inventor-in 完成曲面已成功地形成实体。
Inventor-in 完成曲面已成功地形成实体。
Inventor-in 完成曲面已成功地形成实体。
Inventor-in 完成曲面已成功地形成实体。
Inventor-in 完成曲面已成功地形成实体。
Inventor-in 完成曲面已成功地形成实体。
Inventor-in 完成曲面已成功地形成实体。
Inventor-in 完成曲面已成功地形成实体。
Inventor-in 完成曲面已成功地形成实体。
Inventor-in 完成曲面已成功地形成实体。
Inventor-in 完成曲面已成功地形成实体。
Inventor-in 完成曲面已成功地形成实体。
Inventor-in 完成曲面已成功地形成实体。
Inventor-in 完成曲面已成功地形成实体。
Inventor-in 完成曲面已成功地形成实体。
Inventor-in 完成曲面已成功地形成实体。
Inventor-in 完成曲面已成功地形成实体。
Inventor-in 完成曲面已成功地形成实体。
Inventor-in 完成曲面已成功地形成实体。
Inventor-in 完成曲面已成功地形成实体。
Inventor-in 完成曲面已成功地形成实体。
Inventor-in 完成曲面已成功地形成实体。
Inventor-in 完成曲面已成功地形成实体。
Inventor-in 完成曲面已成功地形成实体。
Inventor-in 完成曲面已成功地形成实体。
Inventor-in 完成曲面已成功地形成实体。
Inventor-in 完成曲面已成功地形成实体。
Inventor-in 完成曲面已成功地形成实体。
Inventor-in 完成曲面已成功地形成实体。
Inventor-in 完成曲面已成功地形成实体。
Inventor-in 完成曲面已成功地形成实体。
Inventor-in 完成曲面已成功地形成实体。
Inventor-in 完成曲面已成功地形成实体。
Inventor-in 完成曲面已成功地形成实体。
Inventor-in 完成曲面已成功地形成实体。
Inventor-in 完成曲面已成功地形成实体。
Inventor-in 完成曲面已成功地形成实体。
Inventor-in 完成曲面已成功地形成实体。
Inventor-in 完成曲面已成功地形成实体。
Inventor-in 完成曲面已成功地形成实体。
Inventor-in 完成曲面已成功地形成实体。
Inventor-in 完成曲面已成功地形成实体。
Inventor-in 完成曲面已成功地形成实体。
Inventor-in 完成曲面已成功地形成实体。
Inventor-in 完成曲面已成功地形成实体。
Inventor-in 完成曲面已成功地形成实体。
Inventor-in 完成曲面已成功地形成实体。
Inventor-in 完成曲面已成功地形成实体。
Inventor-in 完成曲面已成功地形成实体。
Inventor-in 完成曲面已成功地形成实体。
Inventor-in 完成曲面已成功地形成实体。
Inventor-in 完成曲面已成功地形成实体。
Inventor-in 完成曲面已成功地形成实体。
Inventor-in 完成曲面已成功地形成实体。
Inventor-in 完成曲面已成功地形成实体。
Inventor-in 完成曲面已成功地形成实体。
Inventor-in 完成曲面已成功地形成实体。
Inventor-in 完成曲面已成功地形成实体。
Inventor-in 完成曲面已成功地形成实体。
Inventor-in 完成曲面已成功地形成实体。
Inventor-in 完成曲面已成功地形成实体。
Inventor-in 完成曲面已成功地形成实体。
Inventor-in 完成曲面已成功地形成实体。
Inventor-in 完成曲面已成功地形成实体。
Inventor-in 完成曲面已成功地形成实体。
Inventor-in 完成曲面已成功地形成实体。
Inventor-in 完成曲面已成功地形成实体。
Inventor-in 完成曲面已成功地形成实体。
Inventor-in 完成曲面已成功地形成实体。
Inventor-in 完成曲面已成功地形成实体。
Inventor-in 完成曲面已成功地形成实体。
Inventor-in 完成曲面已成功地形成实体。
Inventor-in 完成曲面已成功地形成实体。
Inventor-in 完成曲面已成功地形成实体。
Inventor-in 完成曲面已成功地形成实体。
Inventor-in 完成曲面已成功地形成实体。
Inventor-in 完成曲面已成功地形成实体。
Inventor-in 完成曲面已成功地形成实体。
Inventor-in 完成曲面已成功地形成实体。
Inventor-in 完成曲面已成功地形成实体。
Inventor-in 完成曲面已成功地形成实体。
Inventor-in 完成曲面已成功地形成实体。
Inventor-in 完成曲面已成功地形成实体。
Inventor-in 完成曲面已成功地形成实体。
Inventor-in 完成曲面已成功地形成实体。
Inventor-in 完成曲面已成功地形成实体。
Inventor-in 完成曲面已成功地形成实体。
Inventor-in 完成曲面已成功地形成实体。
Inventor-in 完成曲面已成功地形成实体。
Inventor-in 完成曲面已成功地形成实体。
Inventor-in 完成曲面已成功地形成实体。
Inventor-in 完成曲面已成功地形成实体。
Inventor-in 完成曲面已成功地形成实体。
Inventor-in 完成曲面已成功地形成实体。
Inventor-in 完成曲面已成功地形成实体。
Inventor-in 完成曲面已成功地形成实体。
Inventor-in 完成曲面已成功地形成实体。
Inventor-in 完成曲面已成功地形成实体。
Inventor-in 完成曲面已成功地形成实体。
Inventor-in 完成曲面已成功地形成实体。
Inventor-in 完成曲面已成功地形成实体。
Inventor-in 完成曲面已成功地形成实体。
Inventor-in 完成曲面已成功地形成实体。
Inventor-in 完成曲面已成功地形成实体。
Inventor-in 完成曲面已成功地形成实体。
Inventor-in 完成曲面已成功地形成实体。
Inventor-in 完成曲面已成功地形成实体。
Inventor-in 完成曲面已成功地形成实体。
Inventor-in 完成曲面已成功地形成实体。
Inventor-in 完成曲面已成功地形成实体。
Inventor-in 完成曲面已成功地形成实体。
Inventor-in 完成曲面已成功地形成实体。
Inventor-in 完成曲面已成功地形成实体。
Inventor-in 完成曲面已成功地形成实体。
Inventor-in 完成曲面已成功地形成实体。
Inventor-in 完成曲面已成功地形成实体。
Inventor-in 完成曲面已成功地形成实体。
Inventor-in 完成曲面已成功地形成实体。
Inventor-in 完成曲面已成功地形成实体。
Inventor-in 完成曲面已成功地形成实体。
Inventor-in 完成曲面已成功地形成实体。
Inventor-in 完成曲面已成功地形成实体。
Inventor-in 完成曲面已成功地形成实体。
Inventor-in 完成曲面已成功地形成实体。
Inventor-in 完成曲面已成功地形成实体。
Inventor-in 完成曲面已成功地形成实体。
Inventor-in 完成曲面已成功地形成实体。
Inventor-in 完成曲面已成功地形成实体。
Inventor-in 完成曲面已成功地形成实体。
Inventor-in 完成曲面已成功地形成实体。
Inventor-in 完成曲面已成功地形成实体。
Inventor-in 完成曲面已成功地形成实体。
Inventor-in 完成曲面已成功地形成实体。
Inventor-in 完成曲面已成功地形成实体。
Inventor-in 完成曲面已成功地形成实体。
Inventor-in 完成曲面已成功地形成实体。
Inventor-in 完成曲面已成功地形成实体。
Inventor-in 完成曲面已成功地形成实体。
Inventor-in 完成曲面已成功地形成实体。
Inventor-in 完成曲面已成功地形成实体。
Inventor-in 完成曲面已成功地形成实体。
Inventor-in 完成曲面已成功地形成实体。
Inventor-in 完成曲面已成功地形成实体。
Inventor-in 完成曲面已成功地形成实体。
Inventor-in 完成曲面已成功地形成实体。
Inventor-in 完成曲面已成功地形成实体。
Inventor-in 完成曲面已成功地形成实体。
Inventor-in 完成曲面已成功地形成实体。
Inventor-in 完成曲面已成功地形成实体。
Inventor-in 完成曲面已成功地形成实体。
Inventor-in 完成曲面已成功地形成实体。
Inventor-in 完成曲面已成功地形成实体。
Inventor-in 完成曲面已成功地形成实体。
Inventor-in 完成曲面已成功地形成实体。
Inventor-in 完成曲面已成功地形成实体。
Inventor-in 完成曲面已成功地形成实体。
Inventor-in 完成曲面已成功地形成实体。
Inventor-in 完成曲面已成功地形成实体。
Inventor-in 完成曲面已成功地形成实体。
Inventor-in 完成曲面已成功地形成实体。
Inventor-in 完成曲面已成功地形成实体。
Inventor-in 完成曲面已成功地形成实体。
Inventor-in 完成曲面已成功地形成实体。
Inventor-in 完成曲面已成功地形成实体。
Inventor-in 完成曲面已成功地形成实体。
Inventor-in 完成曲面已成功地形成实体。
Inventor-in 完成曲面已成功地形成实体。
Inventor-in 完成曲面已成功地形成实体。
Inventor-in 完成曲面已成功地形成实体。
Inventor-in 完成曲面已成功地形成实体。
Inventor-in 完成曲面已成功地形成实体。
Inventor-in 完成曲面已成功地形成实体。
Inventor-in 完成曲面已成功地形成实体。
Inventor-in 完成曲面已成功地形成实体。
Inventor-in 完成曲面已成功地形成实体。
Inventor-in 完成曲面已成功地形成实体。
Inventor-in 完成曲面已成功地形成实体。
Inventor-in 完成曲面已成功地形成实体。
Inventor-in 完成曲面已成功地形成实体。
Inventor-in 完成曲面已成功地形成实体。
Inventor-in 完成曲面已成功地形成实体。
Inventor-in 完成曲面已成功地形成实体。
Inventor-in 完成曲面已成功地形成实体。
Inventor-in 完成曲面已成功地形成实体。
Inventor-in 完成曲面已成功地形成实体。
Inventor-in 完成曲面已成功地形成实体。
Inventor-in 完成曲面已成功地形成实体。
Inventor-in 完成曲面已成功地形成实体。
Inventor-in 完成曲面已成功地形成实体。
Inventor-in 完成曲面已成功地形成实体。
Inventor-in 完成曲面已成功地形成实体。
Inventor-in 完成曲面已成功地形成实体。
Inventor-in 完成曲面已成功地形成实体。
Inventor-in 完成曲面已成功地形成实体。
Inventor-in 完成曲面已成功地形成实体。
Inventor-in 完成曲面已成功地形成实体。
Inventor-in 完成曲面已成功地形成实体。
Inventor-in 完成曲面已成功地形成实体。
Inventor-in 完成曲面已成功地形成实体。
Inventor-in 完成曲面已成功地形成实体。
Inventor-in 完成曲面已成功地形成实体。
Inventor-in 完成曲面已成功地形成实体。
Inventor-in 完成曲面已成功地形成实体。
Inventor-in 完成曲面已成功地形成实体。
Inventor-in 完成曲面已成功地形成实体。
Inventor-in 完成曲面已成功地形成实体。
Inventor-in 完成曲面已成功地形成实体。
Inventor-in 完成曲面已成功地形成实体。
Inventor-in 完成曲面已成功地形成实体。
Inventor-in 完成曲面已成功地形成实体。
Inventor-in 完成曲面已成功地形成实体。
Inventor-in 完成曲面已成功地形成实体。
Inventor-in 完成曲面已成功地形成实体。
Inventor-in 完成曲面已成功地形成实体。
Inventor-in 完成曲面已成功地形成实体。
Inventor-in 完成曲面已成功地形成实体。
Inventor-in 完成Reversing curve, low: 0, high: 0
Bad Curve, low: -1, high: -1
Reversing curve, low: 0, high: 0
Bad Curve, low: -1, high: -1
Reversing curve, low: 0, high: 0
Bad Curve, low: -1, high: -1
Reversing curve, low: 0, high: 0
Bad Curve, low: -1, high: -1
Reversing curve, low: 0.0125319, high: 0.0125319
Bad Curve, low: -1, high: -1
Reversing curve, low: 0, high: 0
Bad Curve, low: -1, high: -1
Reversing curve, low: 0, high: 0
Bad Curve, low: -1, high: -1
Reversing curve, low: 0, high: 0
Bad Curve, low: -1, high: -1
Reversing curve, low: 0, high: 0
Bad Curve, low: -1, high: -1
Reversing curve, low: 0, high: 0
Bad Curve, low: -1, high: -1
Reversing curve, low: 0, high: 0
Bad Curve, low: -1, high: -1
Reversing curve, low: 0, high: 0
Bad Curve, low: -1, high: -1
Reversing curve, low: 0, high: 0
Bad Curve, low: -1, high: -1
Reversing curve, low: 0, high: 0
Bad Curve, low: -1, high: -1
Reversing curve, low: 0, high: 0
Bad Curve, low: -1, high: -1
Reversing curve, low: 0, high: 0
Bad Curve, low: -1, high: -1
Reversing curve, low: 0, high: 0
Bad Curve, low: -1, high: -1
Reversing curve, low: 0, high: 0
Bad Curve, low: -1, high: -1
Reversing curve, low: 0, high: 0
Bad Curve, low: -1, high: -1
Reversing curve, low: 0, high: 0
Bad Curve, low: -1, high: -1
Reversing curve, low: 0, high: 0
Bad Curve, low: -0.000755916, high: -0.000755916
Reversing curve, low: 0, high: 0
Bad Curve, low: -0.000755916, high: -0.000755916
Reversing curve, low: 0, high: 0
Bad Curve, low: -1, high: -1
Reversing curve, low: 0, high: 0
Bad Curve, low: -1, high: -1
Reversing curve, low: 0, high: 0
Bad Curve, low: -1, high: -1
Reversing curve, low: 0, high: 0
Bad Curve, low: -1, high: -1
Reversing curve, low: 0, high: 0
Bad Curve, low: -1, high: -1
Reversing curve, low: 0, high: 0
Bad Curve, low: -1, high: -1
Reversing curve, low: 0, high: 0
Bad Curve, low: -1, high: -1
Reversing curve, low: 0, high: 0
Bad Curve, low: -1, high: -1
Reversing curve, low: 0, high: 0
Bad Curve, low: -1, high: -1
Reversing curve, low: 0, high: 0
Bad Curve, low: -1, high: -1
Reversing curve, low: 0, high: 0
Bad Curve, low: -0.00015, high: -0.00015
Reversing curve, low: 0, high: 0
Bad Curve, low: -0.00015, high: -0.00015
Reversing curve, low: 0, high: 0
Bad Curve, low: -1, high: -1
Reversing curve, low: 0, high: 0
Bad Curve, low: -1, high: -1
Reversing curve, low: 0, high: 0
Bad Curve, low: -1, high: -1
Reversing curve, low: 0, high: 0
Bad Curve, low: -1, high: -1
Reversing curve, low: 0, high: 0
Bad Curve, low: -1, high: -1
Reversing curve, low: 0, high: 0
Bad Curve, low: -1, high: -1
Reversing curve, low: 0, high: 0
Bad Curve, low: -1, high: -1
Reversing curve, low: 0, high: 0
Bad Curve, low: -1, high: -1
Reversing curve, low: 0, high: 0
Bad Curve, low: -1, high: -1
Reversing curve, low: 0, high: 0
Bad Curve, low: -1, high: -1
Reversing curve, low: 0, high: 0
Bad Curve, low: -0.000251199, high: -0.000251199
Reversing curve, low: 0, high: 0
Bad Curve, low: -0.000251199, high: -0.000251199
Reversing curve, low: 0, high: 0
Bad Curve, low: -1, high: -1
Reversing curve, low: 0, high: 0
Bad Curve, low: -1, high: -1
Reversing curve, low: 0, high: 0
Bad Curve, low: -1, high: -1
Reversing curve, low: 0, high: 0
Bad Curve, low: -1, high: -1
Reversing curve, low: 0, high: 0
Bad Curve, low: -1, high: -1
Reversing curve, low: 0, high: 0
Bad Curve, low: -1, high: -1
Reversing curve, low: 0, high: 0
Bad Curve, low: -1, high: -1
Reversing curve, low: 0, high: 0
Bad Curve, low: -1, high: -1
Reversing curve, low: 0, high: 0
Bad Curve, low: -1, high: -1
Reversing curve, low: 0, high: 0
Bad Curve, low: -1, high: -1
Reversing curve, low: 0, high: 0
Bad Curve, low: -1, high: -1
Reversing curve, low: 0, high: 0
Bad Curve, low: -1, high: -1
Reversing curve, low: 0, high: 0
Bad Curve, low: -1, high: -1
Reversing curve, low: 0, high: 0
Bad Curve, low: -1, high: -1
Reversing curve, low: 0, high: 0
Bad Curve, low: -1, high: -1
Reversing curve, low: 0, high: 0
Bad Curve, low: -1, high: -1
Reversing curve, low: 0, high: 0
Bad Curve, low: -1, high: -1
Reversing curve, low: 0, high: 0
Bad Curve, low: -1, high: -1
Reversing curve, low: 0, high: 0
Bad Curve, low: -1, high: -1
Reversing curve, low: 0, high: 0
Bad Curve, low: -1, high: -1
Reversing curve, low: 0, high: 0
Bad Curve, low: -1, high: -1
Reversing curve, low: 0, high: 0
Bad Curve, low: -1, high: -1
Reversing curve, low: 0, high: 0
Bad Curve, low: -1, high: -1
Reversing curve, low: 0, high: 0
Bad Curve, low: -1, high: -1
Reversing curve, low: 0, high: 0
Bad Curve, low: -0.000756146, high: -0.000756146
Reversing curve, low: 0, high: 0
Bad Curve, low: -0.000756146, high: -0.000756146
Reversing curve, low: 0, high: 0
Bad Curve, low: -1, high: -1
Reversing curve, low: 0, high: 0
Bad Curve, low: -1, high: -1
Reversing curve, low: 0, high: 0
Bad Curve, low: -1, high: -1
Reversing curve, low: 0, high: 0
Bad Curve, low: -1, high: -1
Reversing curve, low: 0, high: 0
Bad Curve, low: -1, high: -1
Reversing curve, low: 0, high: 0
Bad Curve, low: -1, high: -1
Reversing curve, low: 0, high: 0
Bad Curve, low: -1, high: -1
Reversing curve, low: 0, high: 0
Bad Curve, low: -1, high: -1
Reversing curve, low: 0, high: 0
Bad Curve, low: -1, high: -1
Reversing curve, low: 0, high: 0
Bad Curve, low: -1, high: -1
Reversing curve, low: 0, high: 0
Bad Curve, low: -1, high: -1
Reversing curve, low: 0, high: 0
Bad Curve, low: -1, high: -1
Reversing curve, low: 0, high: 0
Bad Curve, low: -1, high: -1
Reversing curve, low: 0, high: 0
Bad Curve, low: -1, high: -1
Reversing curve, low: 0, high: 0
Bad Curve, low: -1, high: -1
Reversing curve, low: 0, high: 0
Bad Curve, low: -1, high: -1
Reversing curve, low: 0, high: 0
Bad Curve, low: -1, high: -1
Reversing curve, low: 0, high: 0
Bad Curve, low: -1, high: -1
Reversing curve, low: 0, high: 0
Bad Curve, low: -1, high: -1
Reversing curve, low: 0, high: 0
Bad Curve, low: -1, high: -1
Reversing curve, low: 0, high: 0
Bad Curve, low: -1, high: -1
Reversing curve, low: 0, high: 0
Bad Curve, low: -1, high: -1
Reversing curve, low: 0, high: 0
Bad Curve, low: -1, high: -1
Reversing curve, low: 0, high: 0
Bad Curve, low: -1, high: -1
Reversing curve, low: 5.85411e-05, high: 5.85411e-05
Bad Curve, low: -1, high: -1
Reversing curve, low: 0, high: 0
Bad Curve, low: -1, high: -1
Reversing curve, low: 0, high: 0
Bad Curve, low: -1, high: -1
Reversing curve, low: 0, high: 0
Bad Curve, low: -1, high: -1
Reversing curve, low: 0, high: 0
Bad Curve, low: -1, high: -1
Reversing curve, low: 0, high: 0
Bad Curve, low: -1, high: -1
Reversing curve, low: 0, high: 0
Bad Curve, low: -1, high: -1
Reversing curve, low: 0, high: 0
Bad Curve, low: -1, high: -1
Reversing curve, low: 0, high: 0
Bad Curve, low: -1, high: -1
Reversing curve, low: 0, high: 0
Bad Curve, low: -1, high: -1
Reversing curve, low: 0, high: 0
Bad Curve, low: -1, high: -1
Reversing curve, low: 0, high: 0
Bad Curve, low: -1, high: -1
Reversing curve, low: 0, high: 0
Bad Curve, low: -1, high: -1
Reversing curve, low: 0, high: 0
Bad Curve, low: -1, high: -1
Reversing curve, low: 0, high: 0
Bad Curve, low: -1, high: -1
Reversing curve, low: 0, high: 0
Bad Curve, low: -1, high: -1
Reversing curve, low: 0, high: 0
Bad Curve, low: -1, high: -1
Reversing curve, low: 0, high: 0
Bad Curve, low: -1, high: -1
Reversing curve, low: 0, high: 0
Bad Curve, low: -1, high: -1
Reversing curve, low: 0, high: 0
Bad Curve, low: -1, high: -1
Reversing curve, low: 0, high: 0
Bad Curve, low: -1, high: -1
Reversing curve, low: 0, high: 0
Bad Curve, low: -1, high: -1
Reversing curve, low: 0, high: 0
Bad Curve, low: -1, high: -1
Reversing curve, low: 0, high: 0
Bad Curve, low: -1, high: -1
Reversing curve, low: 0, high: 0
Bad Curve, low: -1, high: -1
Reversing curve, low: 0, high: 0
Bad Curve, low: -1, high: -1
Reversing curve, low: 0, high: 0
Bad Curve, low: -1, high: -1
Reversing curve, low: 0, high: 0
Bad Curve, low: -1, high: -1
Reversing curve, low: 0, high: 0
Bad Curve, low: -1, high: -1
Reversing curve, low: 0, high: 0
Bad Curve, low: -1, high: -1
Reversing curve, low: 0, high: 0
Bad Curve, low: -1, high: -1
Reversing curve, low: 0, high: 0
Bad Curve, low: -1, high: -1
Reversing curve, low: 0, high: 0
Bad Curve, low: -1, high: -1
Reversing curve, low: 0, high: 0
Bad Curve, low: -1, high: -1
Reversing curve, low: 0, high: 0
Bad Curve, low: -1, high: -1
Reversing curve, low: 0, high: 0
Bad Curve, low: -1, high: -1
Reversing curve, low: 0, high: 0
Bad Curve, low: -1, high: -1
Reversing curve, low: 0, high: 0
Bad Curve, low: -1, high: -1
Reversing curve, low: 0, high: 0
Bad Curve, low: -1, high: -1
Reversing curve, low: 0, high: 0
Bad Curve, low: -1, high: -1
Reversing curve, low: 0, high: 0
Bad Curve, low: -1, high: -1
Reversing curve, low: 0, high: 0
Bad Curve, low: -1, high: -1
Reversing curve, low: 0, high: 0
Bad Curve, low: -1, high: -1
Reversing curve, low: 0, high: 0
Bad Curve, low: -1, high: -1
Reversing curve, low: 0, high: 0
Bad Curve, low: -1, high: -1
Reversing curve, low: 0, high: 0
Bad Curve, low: -1, high: -1
Reversing curve, low: 0, high: 0
Bad Curve, low: -1, high: -1
Reversing curve, low: 5.85411e-05, high: 5.85411e-05
Bad Curve, low: -1, high: -1
Reversing curve, low: 0, high: 0
Bad Curve, low: -1, high: -1
Reversing curve, low: 0, high: 0
Bad Curve, low: -1, high: -1
Reversing curve, low: 0, high: 0
Bad Curve, low: -1, high: -1
Reversing curve, low: 0, high: 0
Bad Curve, low: -1, high: -1
Reversing curve, low: 0, high: 0
Bad Curve, low: -1, high: -1
Reversing curve, low: 0, high: 0
Bad Curve, low: -1, high: -1
Reversing curve, low: 0, high: 0
Bad Curve, low: -1, high: -1
Reversing curve, low: 0, high: 0
Bad Curve, low: -1, high: -1
Reversing curve, low: 0, high: 0
Bad Curve, low: -1, high: -1
Reversing curve, low: 0, high: 0
Bad Curve, low: -1, high: -1
Reversing curve, low: 0, high: 0
Bad Curve, low: -1, high: -1
Reversing curve, low: 0, high: 0
Bad Curve, low: -1, high: -1
Reversing curve, low: 0, high: 0
Bad Curve, low: -0.000756146, high: -0.000756146
Reversing curve, low: 0, high: 0
Bad Curve, low: -1, high: -1
Reversing curve, low: 0, high: 0
Bad Curve, low: -1, high: -1
Reversing curve, low: 0, high: 0
Bad Curve, low: -1, high: -1
Reversing curve, low: 0, high: 0
Bad Curve, low: -1, high: -1
Reversing curve, low: 0, high: 0
Bad Curve, low: -1, high: -1
Reversing curve, low: 0, high: 0
Bad Curve, low: -1, high: -1
Reversing curve, low: 0, high: 0
Bad Curve, low: -1, high: -1
Reversing curve, low: 0, high: 0
Bad Curve, low: -1, high: -1
Reversing curve, low: 0, high: 0
Bad Curve, low: -1, high: -1
Reversing curve, low: 0, high: 0
Bad Curve, low: -1, high: -1
Reversing curve, low: 0, high: 0
Bad Curve, low: -1, high: -1
Reversing curve, low: 0, high: 0
Bad Curve, low: -1, high: -1
Reversing curve, low: 0, high: 0
Bad Curve, low: -0.000251199, high: -0.000251199
Reversing curve, low: 0, high: 0
Bad Curve, low: -1, high: -1
Reversing curve, low: 0, high: 0
Bad Curve, low: -1, high: -1
Reversing curve, low: 0, high: 0
Bad Curve, low: -1, high: -1
Reversing curve, low: 0, high: 0
Bad Curve, low: -1, high: -1
Reversing curve, low: 0, high: 0
Bad Curve, low: -1, high: -1
Reversing curve, low: 0, high: 0
Bad Curve, low: -1, high: -1
Reversing curve, low: 0, high: 0
Bad Curve, low: -1, high: -1
Reversing curve, low: 0, high: 0
Bad Curve, low: -1, high: -1
Reversing curve, low: 0, high: 0
Bad Curve, low: -1, high: -1
Reversing curve, low: 0, high: 0
Bad Curve, low: -1, high: -1
Reversing curve, low: 0, high: 0
Bad Curve, low: -0.000755916, high: -0.000755916
Reversing curve, low: 0, high: 0
Bad Curve, low: -1, high: -1
Reversing curve, low: 0, high: 0
Bad Curve, low: -1, high: -1
Reversing curve, low: 0, high: 0
Bad Curve, low: -1, high: -1
Reversing curve, low: 0, high: 0
Bad Curve, low: -1, high: -1
Reversing curve, low: 0, high: 0
Bad Curve, low: -1, high: -1
Reversing curve, low: 0, high: 0
Bad Curve, low: -1, high: -1
Reversing curve, low: 0, high: 0
Bad Curve, low: -1, high: -1
Reversing curve, low: 0.0125319, high: 0.0125319
Bad Curve, low: -1, high: -1
Reversing curve, low: 0, high: 0
Bad Curve, low: -1, high: -1
Reversing curve, low: 0, high: 0
Bad Curve, low: -1, high: -1
Reversing curve, low: 0, high: 0
Bad Curve, low: -1, high: -1
Reversing curve, low: 0, high: 0
Bad Curve, low: -1, high: -1
Reversing curve, low: 0, high: 0
Bad Curve, low: -1, high: -1
Reversing curve, low: 0, high: 0
Bad Curve, low: -1, high: -1
Reversing curve, low: 0, high: 0
Bad Curve, low: -1, high: -1
Reversing curve, low: 0, high: 0
Bad Curve, low: -1, high: -1
Reversing curve, low: 0, high: 0
Bad Curve, low: -1, high: -1
Reversing curve, low: 0, high: 0
Bad Curve, low: -1, high: -1
Reversing curve, low: 0, high: 0
Bad Curve, low: -1, high: -1
Reversing curve, low: 0, high: 0
Bad Curve, low: -1, high: -1
Reversing curve, low: 0, high: 0
Bad Curve, low: -1, high: -1
Reversing curve, low: 0, high: 0
Bad Curve, low: -1, high: -1
Reversing curve, low: 0, high: 0
Bad Curve, low: -1, high: -1
Reversing curve, low: 0, high: 0
Bad Curve, low: -1, high: -1
Reversing curve, low: 0, high: 0
Bad Curve, low: -1, high: -1
Reversing curve, low: 0, high: 0
Bad Curve, low: -1, high: -1
Reversing curve, low: 0, high: 0
Bad Curve, low: -1, high: -1
Reversing curve, low: 0, high: 0
Bad Curve, low: -1, high: -1
Reversing curve, low: 0, high: 0
Bad Curve, low: -1, high: -1
Reversing curve, low: 0, high: 0
Bad Curve, low: -1, high: -1
Reversing curve, low: 0, high: 0
Bad Curve, low: -1, high: -1
Reversing curve, low: 0, high: 0
Bad Curve, low: -1, high: -1
Reversing curve, low: 0, high: 0
Bad Curve, low: -1, high: -1
Reversing curve, low: 0, high: 0
Bad Curve, low: -1, high: -1
Reversing curve, low: 0, high: 0
Bad Curve, low: -1, high: -1
Reversing curve, low: 0, high: 0
Bad Curve, low: -1, high: -1
Reversing curve, low: 0, high: 0
Bad Curve, low: -1, high: -1
Reversing curve, low: 0, high: 0
Bad Curve, low: -1, high: -1
Reversing curve, low: 0, high: 0
Bad Curve, low: -1, high: -1
Reversing curve, low: 0, high: 0
Bad Curve, low: -1, high: -1
Reversing curve, low: 0, high: 0
Bad Curve, low: -1, high: -1
Reversing curve, low: 0, high: 0
Bad Curve, low: -1, high: -1
Reversing curve, low: 0, high: 0
Bad Curve, low: -1, high: -1
Reversing curve, low: 0, high: 0
Bad Curve, low: -1, high: -1
Reversing curve, low: 0, high: 0
Bad Curve, low: -1, high: -1
Reversing curve, low: 0, high: 0
Bad Curve, low: -1, high: -1
Reversing curve, low: 0, high: 0
Bad Curve, low: -1, high: -1
Reversing curve, low: 0, high: 0
Bad Curve, low: -1, high: -1
Reversing curve, low: 0, high: 0
Bad Curve, low: -1, high: -1
Reversing curve, low: 0, high: 0
Bad Curve, low: -1, high: -1
Reversing curve, low: 0, high: 0
Bad Curve, low: -1, high: -1
Reversing curve, low: 0, high: 0
Bad Curve, low: -1, high: -1
Reversing curve, low: 0, high: 0
Bad Curve, low: -1, high: -1
Reversing curve, low: 0, high: 0
Bad Curve, low: -1, high: -1
Reversing curve, low: 0, high: 0
Bad Curve, low: -0.000755916, high: -0.000755916
Reversing curve, low: 0, high: 0
Bad Curve, low: -1, high: -1
Reversing curve, low: 0, high: 0
Bad Curve, low: -1, high: -1
Reversing curve, low: 0, high: 0
Bad Curve, low: -1, high: -1
Reversing curve, low: 0, high: 0
Bad Curve, low: -1, high: -1
Reversing curve, low: 0, high: 0
Bad Curve, low: -1, high: -1
Reversing curve, low: 0, high: 0
Bad Curve, low: -1, high: -1
Reversing curve, low: 0, high: 0
Bad Curve, low: -1, high: -1
Reversing curve, low: 0, high: 0
Bad Curve, low: -1, high: -1
Reversing curve, low: 0, high: 0
Bad Curve, low: -1, high: -1
Reversing curve, low: 0, high: 0
Bad Curve, low: -1, high: -1
Reversing curve, low: 0, high: 0
Bad Curve, low: -0.000251199, high: -0.000251199
Reversing curve, low: 0, high: 0
Bad Curve, low: -1, high: -1
Reversing curve, low: 0, high: 0
Bad Curve, low: -1, high: -1
Reversing curve, low: 0, high: 0
Bad Curve, low: -1, high: -1
Reversing curve, low: 0, high: 0
Bad Curve, low: -1, high: -1
Reversing curve, low: 0, high: 0
Bad Curve, low: -1, high: -1
Reversing curve, low: 0, high: 0
Bad Curve, low: -1, high: -1
Reversing curve, low: 0, high: 0
Bad Curve, low: -1, high: -1
Reversing curve, low: 0, high: 0
Bad Curve, low: -1, high: -1
Reversing curve, low: 0, high: 0
Bad Curve, low: -1, high: -1
Reversing curve, low: 0, high: 0
Bad Curve, low: -1, high: -1
Reversing curve, low: 0, high: 0
Bad Curve, low: -1, high: -1
Reversing curve, low: 0, high: 0
Bad Curve, low: -1, high: -1
Reversing curve, low: 0, high: 0
Bad Curve, low: -0.000756146, high: -0.000756146
Reversing curve, low: 0, high: 0
Bad Curve, low: -1, high: -1
Reversing curve, low: 0, high: 0
Bad Curve, low: -1, high: -1
Reversing curve, low: 0, high: 0
Bad Curve, low: -1, high: -1
Reversing curve, low: 0, high: 0
Bad Curve, low: -1, high: -1
Reversing curve, low: 0, high: 0
Bad Curve, low: -1, high: -1
Reversing curve, low: 0, high: 0
Bad Curve, low: -1, high: -1
Reversing curve, low: 0, high: 0
Bad Curve, low: -1, high: -1
Reversing curve, low: 0, high: 0
Bad Curve, low: -1, high: -1
Reversing curve, low: 0, high: 0
Bad Curve, low: -1, high: -1
Reversing curve, low: 0, high: 0
Bad Curve, low: -1, high: -1
Reversing curve, low: 0, high: 0
Bad Curve, low: -1, high: -1
Reversing curve, low: 0, high: 0
Bad Curve, low: -1, high: -1
Reversing curve, low: 0, high: 0
Bad Curve, low: -1, high: -1
Reversing curve, low: 0, high: 0
Bad Curve, low: -1, high: -1
Reversing curve, low: 0, high: 0
Bad Curve, low: -1, high: -1
Reversing curve, low: 0, high: 0
Bad Curve, low: -1, high: -1
Reversing curve, low: 0, high: 0
Bad Curve, low: -1, high: -1
Reversing curve, low: 0, high: 0
Bad Curve, low: -1, high: -1
Reversing curve, low: 0, high: 0
Bad Curve, low: -1, high: -1
Reversing curve, low: 0, high: 0
Bad Curve, low: -1, high: -1
Reversing curve, low: 0, high: 0
Bad Curve, low: -1, high: -1
Reversing curve, low: 0, high: 0
Bad Curve, low: -1, high: -1
XLTR: Circuit sanity failure
XLTR: Circuit sanity failure
XLTR: Circuit sanity failure
XLTR: Circuit sanity failure
XLTR: Circuit sanity failure
XLTR: Circuit sanity failure
XLTR: Circuit sanity failure
XLTR: Circuit sanity failure
XLTR: Circuit sanity failure
XLTR: Circuit sanity failure
XLTR: Circuit sanity failure
XLTR: Circuit sanity failure
XLTR: Circuit sanity failure
警告: Surface problem...曲线的环有不一致的方向。
XLTR: Circuit sanity failure
XLTR: Circuit sanity failure
XLTR: Circuit sanity failure
XLTR: Circuit sanity failure
XLTR: Circuit sanity failure
XLTR: Circuit sanity failure
XLTR: Circuit sanity failure
XLTR: Circuit sanity failure
XLTR: Circuit sanity failure
XLTR: Circuit sanity failure
XLTR: Circuit sanity failure
XLTR: Circuit sanity failure
XLTR: Circuit sanity failure
XLTR: Circuit sanity failure
XLTR: Circuit sanity failure
XLTR: Circuit sanity failure
XLTR: Circuit sanity failure
XLTR: Circuit sanity failure
XLTR: Circuit sanity failure
XLTR: Circuit sanity failure
XLTR: Circuit sanity failure
XLTR: Circuit sanity failure
XLTR: Circuit sanity failure
XLTR: Circuit sanity failure
XLTR: Circuit sanity failure
XLTR: Circuit sanity failure
XLTR: Circuit sanity failure
XLTR: Circuit sanity failure
XLTR: Circuit sanity failure
XLTR: Circuit sanity failure
XLTR: Circuit sanity failure
XLTR: Circuit sanity failure
XLTR: Circuit sanity failure
XLTR: Circuit sanity failure
XLTR: Circuit sanity failure
XLTR: Circuit sanity failure
XLTR: Circuit sanity failure
XLTR: Circuit sanity failure
XLTR: Circuit sanity failure
警告: Surface problem...曲线的环有不一致的方向。
XLTR: Circuit sanity failure
XLTR: Circuit sanity failure
XLTR: Circuit sanity failure
XLTR: Circuit sanity failure
XLTR: Circuit sanity failure
XLTR: Circuit sanity failure
XLTR: Circuit sanity failure
XLTR: Circuit sanity failure
XLTR: Circuit sanity failure
XLTR: Circuit sanity failure
XLTR: Circuit sanity failure
XLTR: Circuit sanity failure
XLTR: Circuit sanity failure
XLTR: Circuit sanity failure
XLTR: Circuit sanity failure
XLTR: Circuit sanity failure
警告: Surface problem...曲线的环有不一致的方向。
XLTR: Circuit sanity failure
XLTR: Circuit sanity failure
XLTR: Circuit sanity failure
XLTR: Circuit sanity failure
XLTR: Circuit sanity failure
曲面已成功地形成实体。
Inventor-in 完成
Error: 无法从剪裁的曲面生成实体。
Inventor-in 无法成功完成
曲面已成功地形成实体。
Inventor-in 完成曲面已成功地形成实体。
Inventor-in 完成曲面已成功地形成实体。
Inventor-in 完成曲面已成功地形成实体。
Inventor-in 完成曲面已成功地形成实体。
Inventor-in 完成曲面已成功地形成实体。
Inventor-in 完成曲面已成功地形成实体。
Inventor-in 完成曲面已成功地形成实体。
Inventor-in 完成曲面已成功地形成实体。
Inventor-in 完成曲面已成功地形成实体。
Inventor-in 完成曲面已成功地形成实体。
Inventor-in 完成曲面已成功地形成实体。
Inventor-in 完成曲面已成功地形成实体。
Inventor-in 完成曲面已成功地形成实体。
Inventor-in 完成曲面已成功地形成实体。
Inventor-in 完成曲面已成功地形成实体。
Inventor-in 完成曲面已成功地形成实体。
Inventor-in 完成曲面已成功地形成实体。
Inventor-in 完成曲面已成功地形成实体。
Inventor-in 完成曲面已成功地形成实体。
Inventor-in 完成曲面已成功地形成实体。
Inventor-in 完成曲面已成功地形成实体。
Inventor-in 完成曲面已成功地形成实体。
Inventor-in 完成曲面已成功地形成实体。
Inventor-in 完成曲面已成功地形成实体。
Inventor-in 完成曲面已成功地形成实体。
Inventor-in 完成曲面已成功地形成实体。
Inventor-in 完成曲面已成功地形成实体。
Inventor-in 完成曲面已成功地形成实体。
Inventor-in 完成曲面已成功地形成实体。
Inventor-in 完成