


          SolidWorks Corporation - InventorApprentice Processor Error Log
          ______________________________________________________

                       InventorApprentice Post Processor
                       ___________________


InventorApprentice File Name: c:\users\michael knight\desktop\ring_rendering\ring_v2_qfn_v2 v18\ring_v2_qfn_v2.iam


曲面已成功地形成实体。
InventorApprentice-in 完成曲面已成功地形成实体。
InventorApprentice-in 完成曲面已成功地形成实体。
InventorApprentice-in 完成曲面已成功地形成实体。
InventorApprentice-in 完成曲面已成功地形成实体。
InventorApprentice-in 完成曲面已成功地形成实体。
InventorApprentice-in 完成曲面已成功地形成实体。
InventorApprentice-in 完成曲面已成功地形成实体。
InventorApprentice-in 完成曲面已成功地形成实体。
InventorApprentice-in 完成曲面已成功地形成实体。
InventorApprentice-in 完成曲面已成功地形成实体。
InventorApprentice-in 完成曲面已成功地形成实体。
InventorApprentice-in 完成曲面已成功地形成实体。
InventorApprentice-in 完成曲面已成功地形成实体。
InventorApprentice-in 完成曲面已成功地形成实体。
InventorApprentice-in 完成曲面已成功地形成实体。
InventorApprentice-in 完成曲面已成功地形成实体。
InventorApprentice-in 完成曲面已成功地形成实体。
InventorApprentice-in 完成曲面已成功地形成实体。
InventorApprentice-in 完成曲面已成功地形成实体。
InventorApprentice-in 完成曲面已成功地形成实体。
InventorApprentice-in 完成曲面已成功地形成实体。
InventorApprentice-in 完成曲面已成功地形成实体。
InventorApprentice-in 完成曲面已成功地形成实体。
InventorApprentice-in 完成曲面已成功地形成实体。
InventorApprentice-in 完成曲面已成功地形成实体。
InventorApprentice-in 完成曲面已成功地形成实体。
InventorApprentice-in 完成曲面已成功地形成实体。
InventorApprentice-in 完成曲面已成功地形成实体。
InventorApprentice-in 完成曲面已成功地形成实体。
InventorApprentice-in 完成曲面已成功地形成实体。
InventorApprentice-in 完成曲面已成功地形成实体。
InventorApprentice-in 完成曲面已成功地形成实体。
InventorApprentice-in 完成曲面已成功地形成实体。
InventorApprentice-in 完成曲面已成功地形成实体。
InventorApprentice-in 完成曲面已成功地形成实体。
InventorApprentice-in 完成曲面已成功地形成实体。
InventorApprentice-in 完成曲面已成功地形成实体。
InventorApprentice-in 完成曲面已成功地形成实体。
InventorApprentice-in 完成曲面已成功地形成实体。
InventorApprentice-in 完成曲面已成功地形成实体。
InventorApprentice-in 完成曲面已成功地形成实体。
InventorApprentice-in 完成曲面已成功地形成实体。
InventorApprentice-in 完成曲面已成功地形成实体。
InventorApprentice-in 完成曲面已成功地形成实体。
InventorApprentice-in 完成曲面已成功地形成实体。
InventorApprentice-in 完成曲面已成功地形成实体。
InventorApprentice-in 完成曲面已成功地形成实体。
InventorApprentice-in 完成曲面已成功地形成实体。
InventorApprentice-in 完成曲面已成功地形成实体。
InventorApprentice-in 完成曲面已成功地形成实体。
InventorApprentice-in 完成曲面已成功地形成实体。
InventorApprentice-in 完成曲面已成功地形成实体。
InventorApprentice-in 完成曲面已成功地形成实体。
InventorApprentice-in 完成曲面已成功地形成实体。
InventorApprentice-in 完成曲面已成功地形成实体。
InventorApprentice-in 完成曲面已成功地形成实体。
InventorApprentice-in 完成曲面已成功地形成实体。
InventorApprentice-in 完成曲面已成功地形成实体。
InventorApprentice-in 完成曲面已成功地形成实体。
InventorApprentice-in 完成曲面已成功地形成实体。
InventorApprentice-in 完成曲面已成功地形成实体。
InventorApprentice-in 完成曲面已成功地形成实体。
InventorApprentice-in 完成曲面已成功地形成实体。
InventorApprentice-in 完成曲面已成功地形成实体。
InventorApprentice-in 完成曲面已成功地形成实体。
InventorApprentice-in 完成曲面已成功地形成实体。
InventorApprentice-in 完成曲面已成功地形成实体。
InventorApprentice-in 完成曲面已成功地形成实体。
InventorApprentice-in 完成曲面已成功地形成实体。
InventorApprentice-in 完成曲面已成功地形成实体。
InventorApprentice-in 完成曲面已成功地形成实体。
InventorApprentice-in 完成曲面已成功地形成实体。
InventorApprentice-in 完成曲面已成功地形成实体。
InventorApprentice-in 完成曲面已成功地形成实体。
InventorApprentice-in 完成曲面已成功地形成实体。
InventorApprentice-in 完成曲面已成功地形成实体。
InventorApprentice-in 完成曲面已成功地形成实体。
InventorApprentice-in 完成曲面已成功地形成实体。
InventorApprentice-in 完成曲面已成功地形成实体。
InventorApprentice-in 完成曲面已成功地形成实体。
InventorApprentice-in 完成曲面已成功地形成实体。
InventorApprentice-in 完成曲面已成功地形成实体。
InventorApprentice-in 完成曲面已成功地形成实体。
InventorApprentice-in 完成曲面已成功地形成实体。
InventorApprentice-in 完成曲面已成功地形成实体。
InventorApprentice-in 完成曲面已成功地形成实体。
InventorApprentice-in 完成曲面已成功地形成实体。
InventorApprentice-in 完成曲面已成功地形成实体。
InventorApprentice-in 完成曲面已成功地形成实体。
InventorApprentice-in 完成曲面已成功地形成实体。
InventorApprentice-in 完成曲面已成功地形成实体。
InventorApprentice-in 完成曲面已成功地形成实体。
InventorApprentice-in 完成曲面已成功地形成实体。
InventorApprentice-in 完成曲面已成功地形成实体。
InventorApprentice-in 完成曲面已成功地形成实体。
InventorApprentice-in 完成曲面已成功地形成实体。
InventorApprentice-in 完成曲面已成功地形成实体。
InventorApprentice-in 完成曲面已成功地形成实体。
InventorApprentice-in 完成曲面已成功地形成实体。
InventorApprentice-in 完成曲面已成功地形成实体。
InventorApprentice-in 完成曲面已成功地形成实体。
InventorApprentice-in 完成曲面已成功地形成实体。
InventorApprentice-in 完成曲面已成功地形成实体。
InventorApprentice-in 完成曲面已成功地形成实体。
InventorApprentice-in 完成曲面已成功地形成实体。
InventorApprentice-in 完成曲面已成功地形成实体。
InventorApprentice-in 完成曲面已成功地形成实体。
InventorApprentice-in 完成曲面已成功地形成实体。
InventorApprentice-in 完成曲面已成功地形成实体。
InventorApprentice-in 完成曲面已成功地形成实体。
InventorApprentice-in 完成曲面已成功地形成实体。
InventorApprentice-in 完成曲面已成功地形成实体。
InventorApprentice-in 完成曲面已成功地形成实体。
InventorApprentice-in 完成曲面已成功地形成实体。
InventorApprentice-in 完成曲面已成功地形成实体。
InventorApprentice-in 完成曲面已成功地形成实体。
InventorApprentice-in 完成曲面已成功地形成实体。
InventorApprentice-in 完成曲面已成功地形成实体。
InventorApprentice-in 完成曲面已成功地形成实体。
InventorApprentice-in 完成曲面已成功地形成实体。
InventorApprentice-in 完成曲面已成功地形成实体。
InventorApprentice-in 完成曲面已成功地形成实体。
InventorApprentice-in 完成曲面已成功地形成实体。
InventorApprentice-in 完成曲面已成功地形成实体。
InventorApprentice-in 完成曲面已成功地形成实体。
InventorApprentice-in 完成曲面已成功地形成实体。
InventorApprentice-in 完成曲面已成功地形成实体。
InventorApprentice-in 完成曲面已成功地形成实体。
InventorApprentice-in 完成曲面已成功地形成实体。
InventorApprentice-in 完成曲面已成功地形成实体。
InventorApprentice-in 完成曲面已成功地形成实体。
InventorApprentice-in 完成曲面已成功地形成实体。
InventorApprentice-in 完成曲面已成功地形成实体。
InventorApprentice-in 完成曲面已成功地形成实体。
InventorApprentice-in 完成曲面已成功地形成实体。
InventorApprentice-in 完成曲面已成功地形成实体。
InventorApprentice-in 完成曲面已成功地形成实体。
InventorApprentice-in 完成曲面已成功地形成实体。
InventorApprentice-in 完成曲面已成功地形成实体。
InventorApprentice-in 完成曲面已成功地形成实体。
InventorApprentice-in 完成曲面已成功地形成实体。
InventorApprentice-in 完成曲面已成功地形成实体。
InventorApprentice-in 完成曲面已成功地形成实体。
InventorApprentice-in 完成曲面已成功地形成实体。
InventorApprentice-in 完成曲面已成功地形成实体。
InventorApprentice-in 完成曲面已成功地形成实体。
InventorApprentice-in 完成曲面已成功地形成实体。
InventorApprentice-in 完成曲面已成功地形成实体。
InventorApprentice-in 完成曲面已成功地形成实体。
InventorApprentice-in 完成曲面已成功地形成实体。
InventorApprentice-in 完成曲面已成功地形成实体。
InventorApprentice-in 完成曲面已成功地形成实体。
InventorApprentice-in 完成曲面已成功地形成实体。
InventorApprentice-in 完成曲面已成功地形成实体。
InventorApprentice-in 完成曲面已成功地形成实体。
InventorApprentice-in 完成